<?xml version="1.0" encoding="UTF-8"?>
<!-- Generated by org.testng.reporters.JUnitReportReporter -->
<testsuite skipped="0" hostname="GS-5241" name="com.task.automation.test.SignIn" tests="3" failures="0" timestamp="2020-03-19T17:33:59 IST" time="58.421" errors="0">
  <testcase name="TC_validateInvalidPasswordErrMsg" time="21.953" classname="com.task.automation.test.SignIn"/>
  <testcase name="TC_validateInvalidUsernameErrMsg" time="17.960" classname="com.task.automation.test.SignIn"/>
  <testcase name="TC_validateLogin" time="18.508" classname="com.task.automation.test.SignIn"/>
</testsuite> <!-- com.task.automation.test.SignIn -->
