<?xml version="1.0" encoding="UTF-8"?>
<!-- Generated by org.testng.reporters.JUnitReportReporter -->
<testsuite skipped="0" hostname="GS-5241" name="com.task.automation.test.HomeScreen" tests="4" failures="0" timestamp="2020-03-19T17:33:59 IST" time="95.219" errors="0">
  <testcase name="TC_validateWelcomeMessage" time="24.704" classname="com.task.automation.test.HomeScreen"/>
  <testcase name="TC_validateOptions" time="23.328" classname="com.task.automation.test.HomeScreen"/>
  <testcase name="TC_validateCreateUser" time="25.109" classname="com.task.automation.test.HomeScreen"/>
  <testcase name="TC_validateDeleteUser" time="22.078" classname="com.task.automation.test.HomeScreen"/>
</testsuite> <!-- com.task.automation.test.HomeScreen -->
